{
  "stats": {
    "suites": 1,
    "tests": 1,
    "passes": 1,
    "pending": 0,
    "failures": 0,
    "start": "2025-07-09T15:59:44.085Z",
    "end": "2025-07-09T15:59:45.154Z",
    "duration": 1069,
    "testsRegistered": 1,
    "passPercent": 100,
    "pendingPercent": 0,
    "other": 0,
    "hasOther": false,
    "skipped": 0,
    "hasSkipped": false
  },
  "results": [
    {
      "uuid": "724c75bf-d5c3-4d09-9d29-6f4c1683c405",
      "title": "",
      "fullFile": "cypress\\e2e\\Intercept.cy.js",
      "file": "cypress\\e2e\\Intercept.cy.js",
      "beforeHooks": [],
      "afterHooks": [],
      "tests": [],
      "suites": [
        {
          "uuid": "41ea1ba1-1a58-4367-b7da-222807205f6c",
          "title": "mock da API de itens populares",
          "fullFile": "",
          "file": "",
          "beforeHooks": [],
          "afterHooks": [],
          "tests": [
            {
              "title": "interceptando GET e o modificando",
              "fullTitle": "mock da API de itens populares interceptando GET e o modificando",
              "timedOut": null,
              "duration": 933,
              "state": "passed",
              "speed": "fast",
              "pass": true,
              "fail": false,
              "pending": false,
              "context": null,
              "code": "cy.intercept('GET', '**/public/getProducts?type=popular&limit=10&skip=0', {\n  fixture: 'produtos.json'\n}).as('teste1');\ncy.get('[data-testid=\"home-popular-product-list\"] > [style=\"padding-right: 10px; padding-left: 10px;\"] > ').should('have.length', 2);",
              "err": {},
              "uuid": "1d82e89f-b3f6-4cee-81fe-eb1b0d7f5b7f",
              "parentUUID": "41ea1ba1-1a58-4367-b7da-222807205f6c",
              "isHook": false,
              "skipped": false
            }
          ],
          "suites": [],
          "passes": [
            "1d82e89f-b3f6-4cee-81fe-eb1b0d7f5b7f"
          ],
          "failures": [],
          "pending": [],
          "skipped": [],
          "duration": 933,
          "root": false,
          "rootEmpty": false,
          "_timeout": 2000
        }
      ],
      "passes": [],
      "failures": [],
      "pending": [],
      "skipped": [],
      "duration": 0,
      "root": true,
      "rootEmpty": true,
      "_timeout": 2000
    }
  ],
  "meta": {
    "mocha": {
      "version": "7.2.0"
    },
    "mochawesome": {
      "options": {
        "quiet": false,
        "reportFilename": "[name]-result",
        "saveHtml": false,
        "saveJson": true,
        "consoleReporter": "spec",
        "useInlineDiffs": false,
        "code": true
      },
      "version": "7.1.3"
    },
    "marge": {
      "options": {
        "reportFilename": "[name]-result",
        "html": false
      },
      "version": "6.2.0"
    }
  }
}